<?xml version="1.0" encoding="UTF-8"?>
<testng-results ignored="0" total="1" passed="1" failed="0" skipped="0">
  <reporter-output>
  </reporter-output>
  <suite started-at="2025-05-08T13:07:25 IST" name="Suite" finished-at="2025-05-08T13:07:50 IST" duration-ms="25371">
    <groups>
    </groups>
    <test started-at="2025-05-08T13:07:25 IST" name="Test" finished-at="2025-05-08T13:07:50 IST" duration-ms="25371">
      <class name="test1.DemoTest">
        <test-method signature="m1()[pri:0, instance:test1.DemoTest@313ac989]" started-at="2025-05-08T13:07:25 IST" name="m1" finished-at="2025-05-08T13:07:50 IST" duration-ms="25302" status="PASS">
          <reporter-output>
          </reporter-output>
        </test-method> <!-- m1 -->
      </class> <!-- test1.DemoTest -->
    </test> <!-- Test -->
  </suite> <!-- Suite -->
</testng-results>
